{"contracts/PiggyBreaker.sol":{"l":{"10":7,"11":7,"12":7,"17":7,"19":7,"23":14,"24":14,"28":50,"29":50,"30":50,"42":3,"48":0,"49":0,"70":0,"71":0,"72":0,"76":0,"77":0,"78":0,"79":0,"83":0,"84":0,"136":5,"137":5,"138":5,"139":4,"145":7,"154":3,"159":3,"165":3,"169":7,"171":7,"172":7,"173":7,"174":7,"176":7,"188":7,"189":7,"191":7,"197":8,"198":8,"201":8,"202":3,"205":8,"207":8,"208":8,"209":8,"210":8,"212":8,"213":8,"215":8,"219":8,"220":8,"222":8,"224":3,"227":3,"228":3,"229":3,"230":2,"233":1,"236":3,"237":0,"240":3,"241":3,"242":3,"243":3,"253":4,"254":4,"255":4,"256":4,"258":4,"260":4,"267":3,"270":3,"271":3,"272":3,"273":0,"275":3,"276":3,"278":3,"279":2,"282":1,"283":1,"284":1,"285":1,"286":1,"287":1,"288":1,"293":3,"294":3,"296":3,"300":4,"301":1,"302":1,"303":1,"305":1,"309":1,"313":1,"314":1,"318":1,"322":1,"326":1,"330":2,"331":2,"332":2,"333":3,"334":2,"335":1,"338":1,"342":2,"346":12,"347":12,"351":2,"352":2,"353":1,"354":1,"355":1},"path":"/Users/gauthierpetetin/Documents/piggybreaker-tests/contracts/PiggyBreaker.sol","s":{"1":7,"2":7,"3":7,"4":7,"5":7,"6":14,"7":14,"8":50,"9":50,"10":50,"11":3,"12":12,"13":0,"14":0,"15":0,"16":0,"17":0,"18":0,"19":0,"20":0,"21":0,"22":0,"23":0,"24":0,"25":0,"26":5,"27":5,"28":5,"29":4,"30":5,"31":7,"32":7,"33":8,"34":3,"35":3,"36":3,"37":3,"38":3,"39":7,"40":7,"41":7,"42":7,"43":7,"44":7,"45":7,"46":8,"47":8,"48":8,"49":3,"50":8,"51":8,"52":8,"53":8,"54":8,"55":8,"56":8,"57":8,"58":8,"59":8,"60":3,"61":3,"62":3,"63":3,"64":2,"65":1,"66":3,"67":0,"68":3,"69":3,"70":3,"71":3,"72":4,"73":4,"74":4,"75":4,"76":4,"77":4,"78":3,"79":3,"80":3,"81":3,"82":0,"83":3,"84":3,"85":3,"86":2,"87":1,"88":1,"89":1,"90":1,"91":1,"92":1,"93":3,"94":3,"95":3,"96":4,"97":1,"98":1,"99":1,"100":1,"101":1,"102":1,"103":1,"104":1,"105":1,"106":2,"107":2,"108":2,"109":3,"110":2,"111":1,"112":1,"113":2,"114":12,"115":12,"116":2,"117":2,"118":1,"119":1},"b":{"1":[7,0],"2":[14,0],"3":[50,0],"4":[7,5],"5":[0,0],"6":[0,0],"7":[0,0],"8":[0,0],"9":[4,1],"10":[4,1],"11":[5,2],"12":[8,0],"13":[3,0],"14":[3,0],"15":[7,0],"16":[8,0],"17":[3,5],"18":[8,0],"19":[3,5],"20":[2,1],"21":[0,3],"22":[0,3],"23":[2,1],"24":[1,0],"25":[1,3],"26":[1,0],"27":[2,1],"28":[1,1],"29":[1,1]},"f":{"1":7,"2":7,"3":14,"4":50,"5":3,"6":12,"7":0,"8":0,"9":0,"10":0,"11":0,"12":0,"13":5,"14":7,"15":8,"16":3,"17":3,"18":3,"19":7,"20":8,"21":8,"22":4,"23":3,"24":4,"25":1,"26":1,"27":1,"28":1,"29":1,"30":2,"31":12,"32":2},"fnMap":{"1":{"name":"mul","line":9,"loc":{"start":{"line":9,"column":2},"end":{"line":9,"column":68}}},"2":{"name":"div","line":15,"loc":{"start":{"line":15,"column":2},"end":{"line":15,"column":68}}},"3":{"name":"sub","line":22,"loc":{"start":{"line":22,"column":2},"end":{"line":22,"column":68}}},"4":{"name":"add","line":27,"loc":{"start":{"line":27,"column":2},"end":{"line":27,"column":68}}},"5":{"name":null,"line":41,"loc":{"start":{"line":41,"column":2},"end":{"line":41,"column":22}}},"6":{"name":"restricted","line":45,"loc":{"start":{"line":45,"column":2},"end":{"line":45,"column":23}}},"7":{"name":"transferFarmOwnership","line":47,"loc":{"start":{"line":47,"column":2},"end":{"line":47,"column":71}}},"8":{"name":"whenNotPaused","line":65,"loc":{"start":{"line":65,"column":2},"end":{"line":65,"column":26}}},"9":{"name":"whenPaused","line":67,"loc":{"start":{"line":67,"column":2},"end":{"line":67,"column":21}}},"10":{"name":"pause","line":69,"loc":{"start":{"line":69,"column":2},"end":{"line":69,"column":65}}},"11":{"name":"unpause","line":75,"loc":{"start":{"line":75,"column":2},"end":{"line":75,"column":64}}},"12":{"name":"setNewAddress","line":82,"loc":{"start":{"line":82,"column":2},"end":{"line":82,"column":75}}},"13":{"name":"contributed","line":135,"loc":{"start":{"line":135,"column":2},"end":{"line":135,"column":39}}},"14":{"name":"noPlayerJoinedRecently","line":144,"loc":{"start":{"line":144,"column":2},"end":{"line":144,"column":35}}},"15":{"name":"contributionIsHighEnough","line":149,"loc":{"start":{"line":149,"column":2},"end":{"line":149,"column":58}}},"16":{"name":"piggyWinnerIsUnknown","line":153,"loc":{"start":{"line":153,"column":2},"end":{"line":153,"column":49}}},"17":{"name":"blockNumberIsValid","line":158,"loc":{"start":{"line":158,"column":2},"end":{"line":158,"column":58}}},"18":{"name":null,"line":164,"loc":{"start":{"line":164,"column":2},"end":{"line":164,"column":22}}},"19":{"name":"createNewPiggy","line":168,"loc":{"start":{"line":168,"column":2},"end":{"line":168,"column":35}}},"20":{"name":"contribute","line":194,"loc":{"start":{"line":194,"column":2},"end":{"line":196,"column":3}}},"21":{"name":"updateRate","line":218,"loc":{"start":{"line":218,"column":2},"end":{"line":218,"column":31}}},"22":{"name":"breakPiggy","line":249,"loc":{"start":{"line":249,"column":2},"end":{"line":252,"column":3}}},"23":{"name":"revealPreviousWinner","line":263,"loc":{"start":{"line":263,"column":2},"end":{"line":266,"column":3}}},"24":{"name":"withdraw","line":299,"loc":{"start":{"line":299,"column":2},"end":{"line":299,"column":54}}},"25":{"name":"setRateLimit","line":308,"loc":{"start":{"line":308,"column":2},"end":{"line":308,"column":64}}},"26":{"name":"setUpdatePeriod","line":312,"loc":{"start":{"line":312,"column":2},"end":{"line":312,"column":70}}},"27":{"name":"setPercentage","line":317,"loc":{"start":{"line":317,"column":2},"end":{"line":317,"column":66}}},"28":{"name":"setPiggyProtectionTime","line":321,"loc":{"start":{"line":321,"column":2},"end":{"line":321,"column":81}}},"29":{"name":"setPiggyProtectionLimit","line":325,"loc":{"start":{"line":325,"column":2},"end":{"line":325,"column":83}}},"30":{"name":"getContributionAmount","line":329,"loc":{"start":{"line":329,"column":2},"end":{"line":329,"column":96}}},"31":{"name":"getNbContributions","line":345,"loc":{"start":{"line":345,"column":2},"end":{"line":345,"column":76}}},"32":{"name":"forgottenFundsRecovery","line":350,"loc":{"start":{"line":350,"column":2},"end":{"line":350,"column":103}}}},"statementMap":{"1":{"start":{"line":10,"column":4},"end":{"line":10,"column":20}},"2":{"start":{"line":11,"column":4},"end":{"line":11,"column":31}},"3":{"start":{"line":12,"column":4},"end":{"line":12,"column":12}},"4":{"start":{"line":17,"column":4},"end":{"line":17,"column":20}},"5":{"start":{"line":19,"column":4},"end":{"line":19,"column":12}},"6":{"start":{"line":23,"column":4},"end":{"line":23,"column":17}},"7":{"start":{"line":24,"column":4},"end":{"line":24,"column":16}},"8":{"start":{"line":28,"column":4},"end":{"line":28,"column":20}},"9":{"start":{"line":29,"column":4},"end":{"line":29,"column":17}},"10":{"start":{"line":30,"column":4},"end":{"line":30,"column":12}},"11":{"start":{"line":42,"column":4},"end":{"line":42,"column":22}},"12":{"start":{"line":45,"column":26},"end":{"line":45,"column":54}},"13":{"start":{"line":48,"column":4},"end":{"line":48,"column":1074}},"14":{"start":{"line":49,"column":6},"end":{"line":49,"column":23}},"15":{"start":{"line":65,"column":29},"end":{"line":65,"column":44}},"16":{"start":{"line":67,"column":24},"end":{"line":67,"column":38}},"17":{"start":{"line":70,"column":4},"end":{"line":70,"column":16}},"18":{"start":{"line":71,"column":4},"end":{"line":71,"column":16}},"19":{"start":{"line":72,"column":4},"end":{"line":72,"column":15}},"20":{"start":{"line":76,"column":4},"end":{"line":76,"column":44}},"21":{"start":{"line":77,"column":4},"end":{"line":77,"column":17}},"22":{"start":{"line":78,"column":4},"end":{"line":78,"column":18}},"23":{"start":{"line":79,"column":4},"end":{"line":79,"column":15}},"24":{"start":{"line":83,"column":6},"end":{"line":83,"column":36}},"25":{"start":{"line":84,"column":6},"end":{"line":84,"column":38}},"26":{"start":{"line":136,"column":4},"end":{"line":136,"column":43}},"27":{"start":{"line":137,"column":4},"end":{"line":137,"column":33}},"28":{"start":{"line":138,"column":4},"end":{"line":138,"column":4394}},"29":{"start":{"line":139,"column":6},"end":{"line":139,"column":29}},"30":{"start":{"line":141,"column":4},"end":{"line":141,"column":31}},"31":{"start":{"line":145,"column":4},"end":{"line":145,"column":43}},"32":{"start":{"line":146,"column":4},"end":{"line":146,"column":131}},"33":{"start":{"line":150,"column":4},"end":{"line":150,"column":42}},"34":{"start":{"line":154,"column":4},"end":{"line":154,"column":42}},"35":{"start":{"line":155,"column":4},"end":{"line":155,"column":57}},"36":{"start":{"line":159,"column":4},"end":{"line":159,"column":43}},"37":{"start":{"line":160,"column":4},"end":{"line":160,"column":59}},"38":{"start":{"line":165,"column":4},"end":{"line":165,"column":19}},"39":{"start":{"line":169,"column":4},"end":{"line":169,"column":36}},"40":{"start":{"line":171,"column":4},"end":{"line":171,"column":31}},"41":{"start":{"line":172,"column":4},"end":{"line":172,"column":31}},"42":{"start":{"line":176,"column":4},"end":{"line":176,"column":5470}},"43":{"start":{"line":188,"column":4},"end":{"line":188,"column":26}},"44":{"start":{"line":189,"column":4},"end":{"line":189,"column":23}},"45":{"start":{"line":191,"column":4},"end":{"line":191,"column":31}},"46":{"start":{"line":197,"column":4},"end":{"line":197,"column":43}},"47":{"start":{"line":198,"column":4},"end":{"line":198,"column":22}},"48":{"start":{"line":201,"column":4},"end":{"line":201,"column":6067}},"49":{"start":{"line":202,"column":6},"end":{"line":202,"column":43}},"50":{"start":{"line":205,"column":4},"end":{"line":205,"column":43}},"51":{"start":{"line":208,"column":4},"end":{"line":208,"column":39}},"52":{"start":{"line":209,"column":4},"end":{"line":209,"column":47}},"53":{"start":{"line":210,"column":4},"end":{"line":210,"column":35}},"54":{"start":{"line":212,"column":4},"end":{"line":212,"column":63}},"55":{"start":{"line":213,"column":4},"end":{"line":213,"column":15}},"56":{"start":{"line":215,"column":4},"end":{"line":215,"column":94}},"57":{"start":{"line":219,"column":4},"end":{"line":219,"column":56}},"58":{"start":{"line":220,"column":4},"end":{"line":220,"column":33}},"59":{"start":{"line":222,"column":4},"end":{"line":222,"column":6704}},"60":{"start":{"line":224,"column":6},"end":{"line":224,"column":27}},"61":{"start":{"line":227,"column":6},"end":{"line":227,"column":34}},"62":{"start":{"line":228,"column":6},"end":{"line":228,"column":108}},"63":{"start":{"line":229,"column":6},"end":{"line":229,"column":7081}},"64":{"start":{"line":230,"column":8},"end":{"line":230,"column":65}},"65":{"start":{"line":233,"column":8},"end":{"line":233,"column":65}},"66":{"start":{"line":236,"column":6},"end":{"line":236,"column":7317}},"67":{"start":{"line":237,"column":8},"end":{"line":237,"column":27}},"68":{"start":{"line":240,"column":6},"end":{"line":240,"column":34}},"69":{"start":{"line":241,"column":6},"end":{"line":241,"column":25}},"70":{"start":{"line":242,"column":6},"end":{"line":242,"column":61}},"71":{"start":{"line":243,"column":6},"end":{"line":243,"column":55}},"72":{"start":{"line":253,"column":4},"end":{"line":253,"column":43}},"73":{"start":{"line":254,"column":4},"end":{"line":254,"column":25}},"74":{"start":{"line":255,"column":4},"end":{"line":255,"column":41}},"75":{"start":{"line":256,"column":4},"end":{"line":256,"column":21}},"76":{"start":{"line":258,"column":4},"end":{"line":258,"column":80}},"77":{"start":{"line":260,"column":4},"end":{"line":260,"column":19}},"78":{"start":{"line":267,"column":4},"end":{"line":267,"column":42}},"79":{"start":{"line":270,"column":4},"end":{"line":270,"column":69}},"80":{"start":{"line":271,"column":4},"end":{"line":271,"column":62}},"81":{"start":{"line":272,"column":4},"end":{"line":272,"column":8400}},"82":{"start":{"line":273,"column":6},"end":{"line":273,"column":67}},"83":{"start":{"line":275,"column":4},"end":{"line":275,"column":116}},"84":{"start":{"line":276,"column":4},"end":{"line":276,"column":35}},"85":{"start":{"line":278,"column":4},"end":{"line":278,"column":8803}},"86":{"start":{"line":279,"column":6},"end":{"line":279,"column":62}},"87":{"start":{"line":282,"column":6},"end":{"line":282,"column":9034}},"88":{"start":{"line":283,"column":8},"end":{"line":283,"column":9163}},"89":{"start":{"line":284,"column":10},"end":{"line":284,"column":66}},"90":{"start":{"line":285,"column":10},"end":{"line":285,"column":69}},"91":{"start":{"line":286,"column":10},"end":{"line":286,"column":56}},"92":{"start":{"line":287,"column":10},"end":{"line":287,"column":90}},"93":{"start":{"line":293,"column":4},"end":{"line":293,"column":88}},"94":{"start":{"line":294,"column":4},"end":{"line":294,"column":41}},"95":{"start":{"line":296,"column":4},"end":{"line":296,"column":60}},"96":{"start":{"line":300,"column":4},"end":{"line":300,"column":45}},"97":{"start":{"line":301,"column":4},"end":{"line":301,"column":60}},"98":{"start":{"line":302,"column":4},"end":{"line":302,"column":38}},"99":{"start":{"line":305,"column":4},"end":{"line":305,"column":48}},"100":{"start":{"line":309,"column":4},"end":{"line":309,"column":28}},"101":{"start":{"line":313,"column":4},"end":{"line":313,"column":33}},"102":{"start":{"line":314,"column":4},"end":{"line":314,"column":34}},"103":{"start":{"line":318,"column":4},"end":{"line":318,"column":30}},"104":{"start":{"line":322,"column":4},"end":{"line":322,"column":45}},"105":{"start":{"line":326,"column":4},"end":{"line":326,"column":47}},"106":{"start":{"line":330,"column":4},"end":{"line":330,"column":42}},"107":{"start":{"line":331,"column":4},"end":{"line":331,"column":33}},"108":{"start":{"line":332,"column":4},"end":{"line":332,"column":10978}},"109":{"start":{"line":333,"column":6},"end":{"line":333,"column":11053}},"110":{"start":{"line":334,"column":8},"end":{"line":334,"column":11125}},"111":{"start":{"line":335,"column":10},"end":{"line":335,"column":76}},"112":{"start":{"line":338,"column":10},"end":{"line":338,"column":113}},"113":{"start":{"line":342,"column":4},"end":{"line":342,"column":29}},"114":{"start":{"line":346,"column":4},"end":{"line":346,"column":42}},"115":{"start":{"line":347,"column":4},"end":{"line":347,"column":37}},"116":{"start":{"line":351,"column":4},"end":{"line":351,"column":39}},"117":{"start":{"line":352,"column":4},"end":{"line":352,"column":66}},"118":{"start":{"line":353,"column":4},"end":{"line":353,"column":64}},"119":{"start":{"line":354,"column":4},"end":{"line":354,"column":42}}},"branchMap":{"1":{"line":11,"type":"if","locations":[{"start":{"line":11,"column":4},"end":{"line":11,"column":4}},{"start":{"line":11,"column":4},"end":{"line":11,"column":4}}]},"2":{"line":23,"type":"if","locations":[{"start":{"line":23,"column":4},"end":{"line":23,"column":4}},{"start":{"line":23,"column":4},"end":{"line":23,"column":4}}]},"3":{"line":29,"type":"if","locations":[{"start":{"line":29,"column":4},"end":{"line":29,"column":4}},{"start":{"line":29,"column":4},"end":{"line":29,"column":4}}]},"4":{"line":45,"type":"if","locations":[{"start":{"line":45,"column":26},"end":{"line":45,"column":26}},{"start":{"line":45,"column":26},"end":{"line":45,"column":26}}]},"5":{"line":48,"type":"if","locations":[{"start":{"line":48,"column":4},"end":{"line":48,"column":4}},{"start":{"line":48,"column":4},"end":{"line":48,"column":4}}]},"6":{"line":65,"type":"if","locations":[{"start":{"line":65,"column":29},"end":{"line":65,"column":29}},{"start":{"line":65,"column":29},"end":{"line":65,"column":29}}]},"7":{"line":67,"type":"if","locations":[{"start":{"line":67,"column":24},"end":{"line":67,"column":24}},{"start":{"line":67,"column":24},"end":{"line":67,"column":24}}]},"8":{"line":76,"type":"if","locations":[{"start":{"line":76,"column":4},"end":{"line":76,"column":4}},{"start":{"line":76,"column":4},"end":{"line":76,"column":4}}]},"9":{"line":138,"type":"if","locations":[{"start":{"line":138,"column":4},"end":{"line":138,"column":4}},{"start":{"line":138,"column":4},"end":{"line":138,"column":4}}]},"10":{"line":141,"type":"if","locations":[{"start":{"line":141,"column":4},"end":{"line":141,"column":4}},{"start":{"line":141,"column":4},"end":{"line":141,"column":4}}]},"11":{"line":146,"type":"if","locations":[{"start":{"line":146,"column":4},"end":{"line":146,"column":4}},{"start":{"line":146,"column":4},"end":{"line":146,"column":4}}]},"12":{"line":150,"type":"if","locations":[{"start":{"line":150,"column":4},"end":{"line":150,"column":4}},{"start":{"line":150,"column":4},"end":{"line":150,"column":4}}]},"13":{"line":155,"type":"if","locations":[{"start":{"line":155,"column":4},"end":{"line":155,"column":4}},{"start":{"line":155,"column":4},"end":{"line":155,"column":4}}]},"14":{"line":160,"type":"if","locations":[{"start":{"line":160,"column":4},"end":{"line":160,"column":4}},{"start":{"line":160,"column":4},"end":{"line":160,"column":4}}]},"15":{"line":169,"type":"if","locations":[{"start":{"line":169,"column":4},"end":{"line":169,"column":4}},{"start":{"line":169,"column":4},"end":{"line":169,"column":4}}]},"16":{"line":198,"type":"if","locations":[{"start":{"line":198,"column":4},"end":{"line":198,"column":4}},{"start":{"line":198,"column":4},"end":{"line":198,"column":4}}]},"17":{"line":201,"type":"if","locations":[{"start":{"line":201,"column":4},"end":{"line":201,"column":4}},{"start":{"line":201,"column":4},"end":{"line":201,"column":4}}]},"18":{"line":220,"type":"if","locations":[{"start":{"line":220,"column":4},"end":{"line":220,"column":4}},{"start":{"line":220,"column":4},"end":{"line":220,"column":4}}]},"19":{"line":222,"type":"if","locations":[{"start":{"line":222,"column":4},"end":{"line":222,"column":4}},{"start":{"line":222,"column":4},"end":{"line":222,"column":4}}]},"20":{"line":229,"type":"if","locations":[{"start":{"line":229,"column":6},"end":{"line":229,"column":6}},{"start":{"line":229,"column":6},"end":{"line":229,"column":6}}]},"21":{"line":236,"type":"if","locations":[{"start":{"line":236,"column":6},"end":{"line":236,"column":6}},{"start":{"line":236,"column":6},"end":{"line":236,"column":6}}]},"22":{"line":272,"type":"if","locations":[{"start":{"line":272,"column":4},"end":{"line":272,"column":4}},{"start":{"line":272,"column":4},"end":{"line":272,"column":4}}]},"23":{"line":278,"type":"if","locations":[{"start":{"line":278,"column":4},"end":{"line":278,"column":4}},{"start":{"line":278,"column":4},"end":{"line":278,"column":4}}]},"24":{"line":283,"type":"if","locations":[{"start":{"line":283,"column":8},"end":{"line":283,"column":8}},{"start":{"line":283,"column":8},"end":{"line":283,"column":8}}]},"25":{"line":300,"type":"if","locations":[{"start":{"line":300,"column":4},"end":{"line":300,"column":4}},{"start":{"line":300,"column":4},"end":{"line":300,"column":4}}]},"26":{"line":313,"type":"if","locations":[{"start":{"line":313,"column":4},"end":{"line":313,"column":4}},{"start":{"line":313,"column":4},"end":{"line":313,"column":4}}]},"27":{"line":333,"type":"if","locations":[{"start":{"line":333,"column":6},"end":{"line":333,"column":6}},{"start":{"line":333,"column":6},"end":{"line":333,"column":6}}]},"28":{"line":334,"type":"if","locations":[{"start":{"line":334,"column":8},"end":{"line":334,"column":8}},{"start":{"line":334,"column":8},"end":{"line":334,"column":8}}]},"29":{"line":352,"type":"if","locations":[{"start":{"line":352,"column":4},"end":{"line":352,"column":4}},{"start":{"line":352,"column":4},"end":{"line":352,"column":4}}]}}}}