TN:
SF:/Users/gauthierpetetin/Documents/piggybreaker-tests/contracts/PiggyBreaker.sol
FN:9,mul
FN:15,div
FN:22,sub
FN:27,add
FN:41,
FN:45,restricted
FN:47,transferFarmOwnership
FN:65,whenNotPaused
FN:67,whenPaused
FN:69,pause
FN:75,unpause
FN:82,setNewAddress
FN:135,contributed
FN:144,noPlayerJoinedRecently
FN:149,contributionIsHighEnough
FN:153,piggyWinnerIsUnknown
FN:158,blockNumberIsValid
FN:164,
FN:168,createNewPiggy
FN:194,contribute
FN:218,updateRate
FN:249,breakPiggy
FN:263,revealPreviousWinner
FN:299,withdraw
FN:308,setRateLimit
FN:312,setUpdatePeriod
FN:317,setPercentage
FN:321,setPiggyProtectionTime
FN:325,setPiggyProtectionLimit
FN:329,getContributionAmount
FN:345,getNbContributions
FN:350,forgottenFundsRecovery
FNF:32
FNH:26
FNDA:7,mul
FNDA:7,div
FNDA:14,sub
FNDA:50,add
FNDA:3,
FNDA:12,restricted
FNDA:0,transferFarmOwnership
FNDA:0,whenNotPaused
FNDA:0,whenPaused
FNDA:0,pause
FNDA:0,unpause
FNDA:0,setNewAddress
FNDA:5,contributed
FNDA:7,noPlayerJoinedRecently
FNDA:8,contributionIsHighEnough
FNDA:3,piggyWinnerIsUnknown
FNDA:3,blockNumberIsValid
FNDA:3,
FNDA:7,createNewPiggy
FNDA:8,contribute
FNDA:8,updateRate
FNDA:4,breakPiggy
FNDA:3,revealPreviousWinner
FNDA:4,withdraw
FNDA:1,setRateLimit
FNDA:1,setUpdatePeriod
FNDA:1,setPercentage
FNDA:1,setPiggyProtectionTime
FNDA:1,setPiggyProtectionLimit
FNDA:2,getContributionAmount
FNDA:12,getNbContributions
FNDA:2,forgottenFundsRecovery
DA:10,7
DA:11,7
DA:12,7
DA:17,7
DA:19,7
DA:23,14
DA:24,14
DA:28,50
DA:29,50
DA:30,50
DA:42,3
DA:48,0
DA:49,0
DA:70,0
DA:71,0
DA:72,0
DA:76,0
DA:77,0
DA:78,0
DA:79,0
DA:83,0
DA:84,0
DA:136,5
DA:137,5
DA:138,5
DA:139,4
DA:145,7
DA:154,3
DA:159,3
DA:165,3
DA:169,7
DA:171,7
DA:172,7
DA:173,7
DA:174,7
DA:176,7
DA:188,7
DA:189,7
DA:191,7
DA:197,8
DA:198,8
DA:201,8
DA:202,3
DA:205,8
DA:207,8
DA:208,8
DA:209,8
DA:210,8
DA:212,8
DA:213,8
DA:215,8
DA:219,8
DA:220,8
DA:222,8
DA:224,3
DA:227,3
DA:228,3
DA:229,3
DA:230,2
DA:233,1
DA:236,3
DA:237,0
DA:240,3
DA:241,3
DA:242,3
DA:243,3
DA:253,4
DA:254,4
DA:255,4
DA:256,4
DA:258,4
DA:260,4
DA:267,3
DA:270,3
DA:271,3
DA:272,3
DA:273,0
DA:275,3
DA:276,3
DA:278,3
DA:279,2
DA:282,1
DA:283,1
DA:284,1
DA:285,1
DA:286,1
DA:287,1
DA:288,1
DA:293,3
DA:294,3
DA:296,3
DA:300,4
DA:301,1
DA:302,1
DA:303,1
DA:305,1
DA:309,1
DA:313,1
DA:314,1
DA:318,1
DA:322,1
DA:326,1
DA:330,2
DA:331,2
DA:332,2
DA:333,3
DA:334,2
DA:335,1
DA:338,1
DA:342,2
DA:346,12
DA:347,12
DA:351,2
DA:352,2
DA:353,1
DA:354,1
DA:355,1
LF:117
LH:104
BRDA:11,1,0,7
BRDA:11,1,1,0
BRDA:23,2,0,14
BRDA:23,2,1,0
BRDA:29,3,0,50
BRDA:29,3,1,0
BRDA:45,4,0,7
BRDA:45,4,1,5
BRDA:48,5,0,0
BRDA:48,5,1,0
BRDA:65,6,0,0
BRDA:65,6,1,0
BRDA:67,7,0,0
BRDA:67,7,1,0
BRDA:76,8,0,0
BRDA:76,8,1,0
BRDA:138,9,0,4
BRDA:138,9,1,1
BRDA:141,10,0,4
BRDA:141,10,1,1
BRDA:146,11,0,5
BRDA:146,11,1,2
BRDA:150,12,0,8
BRDA:150,12,1,0
BRDA:155,13,0,3
BRDA:155,13,1,0
BRDA:160,14,0,3
BRDA:160,14,1,0
BRDA:169,15,0,7
BRDA:169,15,1,0
BRDA:198,16,0,8
BRDA:198,16,1,0
BRDA:201,17,0,3
BRDA:201,17,1,5
BRDA:220,18,0,8
BRDA:220,18,1,0
BRDA:222,19,0,3
BRDA:222,19,1,5
BRDA:229,20,0,2
BRDA:229,20,1,1
BRDA:236,21,0,0
BRDA:236,21,1,3
BRDA:272,22,0,0
BRDA:272,22,1,3
BRDA:278,23,0,2
BRDA:278,23,1,1
BRDA:283,24,0,1
BRDA:283,24,1,0
BRDA:300,25,0,1
BRDA:300,25,1,3
BRDA:313,26,0,1
BRDA:313,26,1,0
BRDA:333,27,0,2
BRDA:333,27,1,1
BRDA:334,28,0,1
BRDA:334,28,1,1
BRDA:352,29,0,1
BRDA:352,29,1,1
BRF:58
BRH:37
end_of_record
