TN:
SF:/Users/gauthierpetetin/Documents/truffle-test2/contracts/PiggyBreaker.sol
FN:9,mul
FN:15,div
FN:22,sub
FN:27,add
FN:41,
FN:45,restricted
FN:47,transferFarmOwnership
FN:65,whenNotPaused
FN:67,whenPaused
FN:69,pause
FN:75,unpause
FN:82,setNewAddress
FN:135,contributed
FN:144,noPlayerJoinedRecently
FN:149,contributionIsHighEnough
FN:153,piggyWinnerIsUnknown
FN:158,blockNumberIsValid
FN:164,
FN:168,createNewPiggy
FN:194,contribute
FN:218,updateRate
FN:249,breakPiggy
FN:263,revealPreviousWinner
FN:299,withdraw
FN:308,setRateLimit
FN:312,setUpdatePeriod
FN:317,setPercentage
FN:321,setPiggyProtectionTime
FN:325,setPiggyProtectionLimit
FN:329,getContributionAmount
FN:345,getNbContributions
FN:350,forgottenFundsRecovery
FNF:32
FNH:10
FNDA:0,mul
FNDA:0,div
FNDA:5,sub
FNDA:14,add
FNDA:3,
FNDA:0,restricted
FNDA:0,transferFarmOwnership
FNDA:0,whenNotPaused
FNDA:0,whenPaused
FNDA:0,pause
FNDA:0,unpause
FNDA:0,setNewAddress
FNDA:0,contributed
FNDA:0,noPlayerJoinedRecently
FNDA:3,contributionIsHighEnough
FNDA:0,piggyWinnerIsUnknown
FNDA:0,blockNumberIsValid
FNDA:3,
FNDA:3,createNewPiggy
FNDA:3,contribute
FNDA:3,updateRate
FNDA:0,breakPiggy
FNDA:0,revealPreviousWinner
FNDA:0,withdraw
FNDA:0,setRateLimit
FNDA:0,setUpdatePeriod
FNDA:0,setPercentage
FNDA:0,setPiggyProtectionTime
FNDA:0,setPiggyProtectionLimit
FNDA:2,getContributionAmount
FNDA:3,getNbContributions
FNDA:0,forgottenFundsRecovery
DA:10,0
DA:11,0
DA:12,0
DA:17,0
DA:19,0
DA:23,5
DA:24,5
DA:28,14
DA:29,14
DA:30,14
DA:42,3
DA:48,0
DA:49,0
DA:70,0
DA:71,0
DA:72,0
DA:76,0
DA:77,0
DA:78,0
DA:79,0
DA:83,0
DA:84,0
DA:136,0
DA:137,0
DA:138,0
DA:139,0
DA:145,0
DA:154,0
DA:159,0
DA:165,3
DA:169,3
DA:171,3
DA:172,3
DA:173,3
DA:174,3
DA:176,3
DA:188,3
DA:189,3
DA:191,3
DA:197,3
DA:198,3
DA:201,3
DA:202,0
DA:205,3
DA:207,3
DA:208,3
DA:209,3
DA:210,3
DA:212,3
DA:213,3
DA:215,3
DA:219,3
DA:220,3
DA:222,3
DA:224,0
DA:227,0
DA:228,0
DA:229,0
DA:230,0
DA:233,0
DA:236,0
DA:237,0
DA:240,0
DA:241,0
DA:242,0
DA:243,0
DA:253,0
DA:254,0
DA:255,0
DA:256,0
DA:258,0
DA:260,0
DA:267,0
DA:270,0
DA:271,0
DA:272,0
DA:273,0
DA:275,0
DA:276,0
DA:278,0
DA:279,0
DA:282,0
DA:283,0
DA:284,0
DA:285,0
DA:286,0
DA:287,0
DA:288,0
DA:293,0
DA:294,0
DA:296,0
DA:300,0
DA:301,0
DA:302,0
DA:303,0
DA:305,0
DA:309,0
DA:313,0
DA:314,0
DA:318,0
DA:322,0
DA:326,0
DA:330,2
DA:331,2
DA:332,2
DA:333,3
DA:334,2
DA:335,1
DA:338,1
DA:342,2
DA:346,3
DA:347,3
DA:351,0
DA:352,0
DA:353,0
DA:354,0
DA:355,0
LF:117
LH:40
BRDA:11,1,0,0
BRDA:11,1,1,0
BRDA:23,2,0,5
BRDA:23,2,1,0
BRDA:29,3,0,14
BRDA:29,3,1,0
BRDA:45,4,0,0
BRDA:45,4,1,0
BRDA:48,5,0,0
BRDA:48,5,1,0
BRDA:65,6,0,0
BRDA:65,6,1,0
BRDA:67,7,0,0
BRDA:67,7,1,0
BRDA:76,8,0,0
BRDA:76,8,1,0
BRDA:138,9,0,0
BRDA:138,9,1,0
BRDA:141,10,0,0
BRDA:141,10,1,0
BRDA:146,11,0,0
BRDA:146,11,1,0
BRDA:150,12,0,3
BRDA:150,12,1,0
BRDA:155,13,0,0
BRDA:155,13,1,0
BRDA:160,14,0,0
BRDA:160,14,1,0
BRDA:169,15,0,3
BRDA:169,15,1,0
BRDA:198,16,0,3
BRDA:198,16,1,0
BRDA:201,17,0,0
BRDA:201,17,1,3
BRDA:220,18,0,3
BRDA:220,18,1,0
BRDA:222,19,0,0
BRDA:222,19,1,3
BRDA:229,20,0,0
BRDA:229,20,1,0
BRDA:236,21,0,0
BRDA:236,21,1,0
BRDA:272,22,0,0
BRDA:272,22,1,0
BRDA:278,23,0,0
BRDA:278,23,1,0
BRDA:283,24,0,0
BRDA:283,24,1,0
BRDA:300,25,0,0
BRDA:300,25,1,0
BRDA:313,26,0,0
BRDA:313,26,1,0
BRDA:333,27,0,2
BRDA:333,27,1,1
BRDA:334,28,0,1
BRDA:334,28,1,1
BRDA:352,29,0,0
BRDA:352,29,1,0
BRF:58
BRH:12
end_of_record
